<?xml version="1.0" encoding="UTF-8"?>
<!-- Generated by org.testng.reporters.JUnitReportReporter -->
<testsuite hostname="LAPTOP-VDR6OUKA" failures="0" tests="2" name="testngxlmparameters.BLAZEsigninParameters" time="8.636" errors="0" timestamp="2024-04-09T18:18:40 COT" skipped="0">
  <testcase classname="testngxlmparameters.BLAZEsigninParameters" name="Registerbtntest" time="8.564"/>
  <system-out/>
  <testcase classname="testngxlmparameters.BLAZEsigninParameters" name="validateCategoriesElement" time="0.072"/>
  <system-out/>
</testsuite> <!-- testngxlmparameters.BLAZEsigninParameters -->
