<?xml version="1.0" encoding="UTF-8"?>
<!-- Generated by org.testng.reporters.JUnitReportReporter -->
<testsuite hostname="MiPC" failures="0" tests="2" name="testngxml.ParabankSignIn" time="1.579" errors="0" timestamp="2024-01-25T20:04:41 COT" skipped="0">
  <testcase classname="testngxml.ParabankSignIn" name="loginPageValidation" time="0.081"/>
  <testcase classname="testngxml.ParabankSignIn" name="loginUser" time="1.498"/>
</testsuite> <!-- testngxml.ParabankSignIn -->
