<?xml version="1.0" encoding="UTF-8"?>
<!-- Generated by org.testng.reporters.JUnitReportReporter -->
<testsuite hostname="MiPC" failures="0" tests="1" name="testingNg.ParabankTestng" time="8.575" errors="0" timestamp="2024-01-18T19:27:50 COT" skipped="0">
  <testcase classname="testingNg.ParabankTestng" name="launchParabankPage" time="8.575"/>
</testsuite> <!-- testingNg.ParabankTestng -->
