<?xml version="1.0" encoding="UTF-8"?>
<!-- Generated by org.testng.reporters.JUnitReportReporter -->
<testsuite hostname="LAPTOP-VDR6OUKA" failures="0" tests="1" name="saucelabtesting.OrangeHRMTest" time="0.210" errors="1" timestamp="2024-02-25T21:54:29 COT" skipped="0">
  <testcase classname="saucelabtesting.OrangeHRMTest" name="login" time="0.210">
    <error message="io.opentelemetry.sdk.autoconfigure.spi.traces.SdkTracerProviderConfigurer: org.openqa.selenium.remote.tracing.opentelemetry.SeleniumSpanExporter not a subtype" type="java.util.ServiceConfigurationError">
      <![CDATA[java.util.ServiceConfigurationError: io.opentelemetry.sdk.autoconfigure.spi.traces.SdkTracerProviderConfigurer: org.openqa.selenium.remote.tracing.opentelemetry.SeleniumSpanExporter not a subtype
at java.base/java.util.ServiceLoader.fail(ServiceLoader.java:593)
at java.base/java.util.ServiceLoader$LazyClassPathLookupIterator.hasNextService(ServiceLoader.java:1244)
at java.base/java.util.ServiceLoader$LazyClassPathLookupIterator.hasNext(ServiceLoader.java:1273)
at java.base/java.util.ServiceLoader$2.hasNext(ServiceLoader.java:1309)
at java.base/java.util.ServiceLoader$3.hasNext(ServiceLoader.java:1393)
at io.opentelemetry.sdk.autoconfigure.internal.SpiHelper.load(SpiHelper.java:99)
at io.opentelemetry.sdk.autoconfigure.AutoConfiguredOpenTelemetrySdkBuilder.mergeSdkTracerProviderConfigurer(AutoConfiguredOpenTelemetrySdkBuilder.java:548)
at io.opentelemetry.sdk.autoconfigure.AutoConfiguredOpenTelemetrySdkBuilder.build(AutoConfiguredOpenTelemetrySdkBuilder.java:378)
at org.openqa.selenium.remote.tracing.opentelemetry.OpenTelemetryTracer.createTracer(OpenTelemetryTracer.java:85)
at org.openqa.selenium.remote.tracing.opentelemetry.OpenTelemetryTracer.getInstance(OpenTelemetryTracer.java:59)
at org.openqa.selenium.remote.RemoteWebDriver.createExecutor(RemoteWebDriver.java:185)
at org.openqa.selenium.remote.RemoteWebDriver.<init>(RemoteWebDriver.java:143)
at saucelabtesting.OrangeHRMTest.login(OrangeHRMTest.java:35)
at java.base/jdk.internal.reflect.DirectMethodHandleAccessor.invoke(DirectMethodHandleAccessor.java:103)
at java.base/java.lang.reflect.Method.invoke(Method.java:580)
at org.testng.internal.MethodInvocationHelper.invokeMethod(MethodInvocationHelper.java:133)
at org.testng.internal.TestInvoker.invokeMethod(TestInvoker.java:598)
at org.testng.internal.TestInvoker.invokeTestMethod(TestInvoker.java:173)
at org.testng.internal.MethodRunner.runInSequence(MethodRunner.java:46)
at org.testng.internal.TestInvoker$MethodInvocationAgent.invoke(TestInvoker.java:824)
at org.testng.internal.TestInvoker.invokeTestMethods(TestInvoker.java:146)
at org.testng.internal.TestMethodWorker.invokeTestMethods(TestMethodWorker.java:146)
at org.testng.internal.TestMethodWorker.run(TestMethodWorker.java:128)
at java.base/java.util.ArrayList.forEach(ArrayList.java:1596)
at org.testng.TestRunner.privateRun(TestRunner.java:794)
at org.testng.TestRunner.run(TestRunner.java:596)
at org.testng.SuiteRunner.runTest(SuiteRunner.java:377)
at org.testng.SuiteRunner.runSequentially(SuiteRunner.java:371)
at org.testng.SuiteRunner.privateRun(SuiteRunner.java:332)
at org.testng.SuiteRunner.run(SuiteRunner.java:276)
at org.testng.SuiteRunnerWorker.runSuite(SuiteRunnerWorker.java:53)
at org.testng.SuiteRunnerWorker.run(SuiteRunnerWorker.java:96)
at org.testng.TestNG.runSuitesSequentially(TestNG.java:1212)
at org.testng.TestNG.runSuitesLocally(TestNG.java:1134)
at org.testng.TestNG.runSuites(TestNG.java:1063)
at org.testng.TestNG.run(TestNG.java:1031)
at org.testng.remote.AbstractRemoteTestNG.run(AbstractRemoteTestNG.java:115)
at org.testng.remote.RemoteTestNG.initAndRun(RemoteTestNG.java:251)
at org.testng.remote.RemoteTestNG.main(RemoteTestNG.java:77)
]]>
    </error>
  </testcase> <!-- login -->
  <system-out/>
</testsuite> <!-- saucelabtesting.OrangeHRMTest -->
