<?xml version="1.0" encoding="UTF-8"?>
<!-- Generated by org.testng.reporters.JUnitReportReporter -->
<testsuite hostname="MiPC" failures="0" tests="4" name="testngxml.OrangeHRMTestCases" time="19.201" errors="0" timestamp="2024-01-25T10:24:58 COT" skipped="3">
  <testcase classname="testngxml.OrangeHRMTestCases" name="loginToOrangeHRM" time="19.201"/>
  <testcase classname="testngxml.OrangeHRMTestCases" name="searchLeave">
    <skipped/>
  </testcase> <!-- searchLeave -->
  <testcase classname="testngxml.OrangeHRMTestCases" name="logout">
    <skipped/>
  </testcase> <!-- logout -->
  <testcase classname="testngxml.OrangeHRMTestCases" name="closeBrowser">
    <skipped/>
  </testcase> <!-- closeBrowser -->
</testsuite> <!-- testngxml.OrangeHRMTestCases -->
