<?xml version="1.0" encoding="UTF-8"?>
<!-- Generated by org.testng.reporters.JUnitReportReporter -->
<testsuite hostname="MiPC" failures="0" tests="4" name="testngxml.ParabankRegistrationTest" time="16.957" errors="0" timestamp="2024-01-25T20:04:41 COT" skipped="0">
  <testcase classname="testngxml.ParabankRegistrationTest" name="Registerbtntest" time="13.180"/>
  <testcase classname="testngxml.ParabankRegistrationTest" name="registerUser" time="3.090"/>
  <testcase classname="testngxml.ParabankRegistrationTest" name="registerUserValidation" time="0.153"/>
  <testcase classname="testngxml.ParabankRegistrationTest" name="logout" time="0.534"/>
</testsuite> <!-- testngxml.ParabankRegistrationTest -->
