<?xml version="1.0" encoding="UTF-8"?>
<!-- Generated by org.testng.reporters.JUnitReportReporter -->
<testsuite hostname="MiPC" failures="0" tests="1" name="parabank.bankRegistration" time="13.786" errors="0" timestamp="2024-01-14T08:27:09 COT" skipped="0">
  <testcase classname="parabank.bankRegistration" name="testRegistration" time="13.786"/>
</testsuite> <!-- parabank.bankRegistration -->
