<?xml version="1.0" encoding="UTF-8"?>
<!-- Generated by org.testng.reporters.JUnitReportReporter -->
<testsuite hostname="MiPC" failures="0" tests="1" name="testingNg.AssertTrue" time="21.754" errors="0" timestamp="2024-01-21T16:16:40 COT" skipped="0">
  <testcase classname="testingNg.AssertTrue" name="loginToOrangeHRM" time="21.754"/>
</testsuite> <!-- testingNg.AssertTrue -->
