<?xml version="1.0" encoding="UTF-8"?>
<!-- Generated by org.testng.reporters.JUnitReportReporter -->
<testsuite hostname="MiPC" failures="0" tests="1" name="testingNg.AssertNotEqualsLogin" time="23.443" errors="0" timestamp="2024-01-21T16:01:11 COT" skipped="0">
  <testcase classname="testingNg.AssertNotEqualsLogin" name="loginToOrangeHRM" time="23.443"/>
</testsuite> <!-- testingNg.AssertNotEqualsLogin -->
