<?xml version="1.0" encoding="UTF-8"?>
<!-- Generated by org.testng.reporters.JUnitReportReporter -->
<testsuite hostname="MiPC" failures="0" tests="1" name="testingNg.Decowraps" time="51.118" errors="0" timestamp="2024-01-23T15:40:47 COT" skipped="0">
  <testcase classname="testingNg.Decowraps" name="loginToOrangeHRM" time="51.118"/>
</testsuite> <!-- testingNg.Decowraps -->
