<?xml version="1.0" encoding="UTF-8"?>
<!-- Generated by org.testng.reporters.JUnitReportReporter -->
<testsuite hostname="LAPTOP-VDR6OUKA" failures="0" tests="1" name="com.blaze.test.AddToCartTest" time="13.347" errors="0" timestamp="2024-04-10T22:38:57 COT" skipped="0">
  <testcase classname="com.blaze.test.AddToCartTest" name="ShoppingCart" time="13.347"/>
  <system-out/>
</testsuite> <!-- com.blaze.test.AddToCartTest -->
