<?xml version="1.0" encoding="UTF-8"?>
<!-- Generated by org.testng.reporters.JUnitReportReporter -->
<testsuite hostname="MiPC" failures="0" tests="2" name="testingNg.groupGoogleTestCases" time="0.199" errors="0" timestamp="2024-01-30T21:01:02 COT" skipped="0">
  <testcase classname="testingNg.groupGoogleTestCases" name="verifyGoogleTitle" time="0.152"/>
  <testcase classname="testingNg.groupGoogleTestCases" name="verifyGoogleTitle2" time="0.047"/>
</testsuite> <!-- testingNg.groupGoogleTestCases -->
