<?xml version="1.0" encoding="UTF-8"?>
<!-- Generated by org.testng.reporters.JUnitReportReporter -->
<testsuite hostname="LAPTOP-VDR6OUKA" failures="0" tests="3" name="blazeRegisterUser.BlazeSignin" time="15.859" errors="0" timestamp="2024-04-10T22:00:31 COT" skipped="0">
  <testcase classname="blazeRegisterUser.BlazeSignin" name="Registerbtntest" time="9.359"/>
  <system-out/>
  <testcase classname="blazeRegisterUser.BlazeSignin" name="registerUser" time="6.415"/>
  <system-out/>
  <testcase classname="blazeRegisterUser.BlazeSignin" name="validateCategoriesElement" time="0.085"/>
  <system-out/>
</testsuite> <!-- blazeRegisterUser.BlazeSignin -->
