<?xml version="1.0" encoding="UTF-8"?>
<!-- Generated by org.testng.reporters.JUnitReportReporter -->
<testsuite hostname="LAPTOP-VDR6OUKA" failures="0" tests="4" name="testngxlmparameters.ParabankRegistrationParameters" time="17.606" errors="0" timestamp="2024-04-08T20:03:21 COT" skipped="0">
  <testcase classname="testngxlmparameters.ParabankRegistrationParameters" name="Registerbtntest" time="15.730"/>
  <system-out/>
  <testcase classname="testngxlmparameters.ParabankRegistrationParameters" name="registerUser" time="1.364"/>
  <system-out/>
  <testcase classname="testngxlmparameters.ParabankRegistrationParameters" name="registerUserValidation" time="0.065"/>
  <system-out/>
  <testcase classname="testngxlmparameters.ParabankRegistrationParameters" name="logout" time="0.447"/>
  <system-out/>
</testsuite> <!-- testngxlmparameters.ParabankRegistrationParameters -->
