<?xml version="1.0" encoding="UTF-8"?>
<!-- Generated by org.testng.reporters.JUnitReportReporter -->
<testsuite hostname="LAPTOP-VDR6OUKA" failures="0" tests="1" name="com.blaze.test.SignInTest" time="3.693" errors="0" timestamp="2024-04-10T22:18:09 COT" skipped="0">
  <testcase classname="com.blaze.test.SignInTest" name="SignInWithValidUserNameAndValidPassword" time="3.693"/>
  <system-out/>
</testsuite> <!-- com.blaze.test.SignInTest -->
