<?xml version="1.0" encoding="UTF-8"?>
<!-- Generated by org.testng.reporters.JUnitReportReporter -->
<testsuite hostname="LAPTOP-VDR6OUKA" failures="0" tests="2" name="testngxlmparameters.ParabankSignInParameters" time="1.529" errors="0" timestamp="2024-04-08T20:03:21 COT" skipped="0">
  <testcase classname="testngxlmparameters.ParabankSignInParameters" name="loginPageValidation" time="0.056"/>
  <system-out/>
  <testcase classname="testngxlmparameters.ParabankSignInParameters" name="loginUser" time="1.473"/>
  <system-out/>
</testsuite> <!-- testngxlmparameters.ParabankSignInParameters -->
