<?xml version="1.0" encoding="UTF-8"?>
<!-- Generated by org.testng.reporters.JUnitReportReporter -->
<testsuite hostname="LAPTOP-VDR6OUKA" failures="0" tests="1" name="com.blaze.test.LoginTest" time="4.371" errors="0" timestamp="2024-04-10T22:18:09 COT" skipped="0">
  <testcase classname="com.blaze.test.LoginTest" name="loginWithValidUserNameAndValidPassword" time="4.371"/>
  <system-out/>
</testsuite> <!-- com.blaze.test.LoginTest -->
