<?xml version="1.0" encoding="UTF-8"?>
<!-- Generated by org.testng.reporters.JUnitReportReporter -->
<testsuite hostname="LAPTOP-VDR6OUKA" failures="0" tests="3" name="blazeRegisterUser.Blazelogin" time="2.558" errors="0" timestamp="2024-04-10T22:00:31 COT" skipped="0">
  <testcase classname="blazeRegisterUser.Blazelogin" name="loginPageValidation" time="0.071"/>
  <system-out/>
  <testcase classname="blazeRegisterUser.Blazelogin" name="loginUser" time="2.447"/>
  <system-out/>
  <testcase classname="blazeRegisterUser.Blazelogin" name="logintestValidation" time="0.040"/>
  <system-out/>
</testsuite> <!-- blazeRegisterUser.Blazelogin -->
