<?xml version="1.0" encoding="UTF-8"?>
<!-- Generated by org.testng.reporters.JUnitReportReporter -->
<testsuite hostname="MiPC" failures="0" tests="5" name="testingDataProvider.OrangeHRMTestCases" time="30.057" errors="0" timestamp="2024-01-29T15:42:19 COT" skipped="3">
  <testcase classname="testingDataProvider.OrangeHRMTestCases" name="loginToOrangeHRM" time="16.822"/>
  <testcase classname="testingDataProvider.OrangeHRMTestCases" name="loginToOrangeHRM" time="13.235"/>
  <testcase classname="testingDataProvider.OrangeHRMTestCases" name="closeBrowser">
    <skipped/>
  </testcase> <!-- closeBrowser -->
  <testcase classname="testingDataProvider.OrangeHRMTestCases" name="logout">
    <skipped/>
  </testcase> <!-- logout -->
  <testcase classname="testingDataProvider.OrangeHRMTestCases" name="searchLeave">
    <skipped/>
  </testcase> <!-- searchLeave -->
</testsuite> <!-- testingDataProvider.OrangeHRMTestCases -->
