<?xml version="1.0" encoding="UTF-8"?>
<!-- Generated by org.testng.reporters.JUnitReportReporter -->
<testsuite hostname="MiPC" failures="0" tests="3" name="testngxml.Parabanktest" time="15.836" errors="0" timestamp="2024-01-25T18:23:05 COT" skipped="0">
  <testcase classname="testngxml.Parabanktest" name="Registerbtntest" time="13.543"/>
  <testcase classname="testngxml.Parabanktest" name="registerUser" time="2.190"/>
  <testcase classname="testngxml.Parabanktest" name="registerUserValidation" time="0.103"/>
</testsuite> <!-- testngxml.Parabanktest -->
