<?xml version="1.0" encoding="UTF-8"?>
<!-- Generated by org.testng.reporters.JUnitReportReporter -->
<testsuite hostname="LAPTOP-VDR6OUKA" failures="0" tests="3" name="testngxlmparameters.BLAZERegistrationParameters" time="15.813" errors="0" timestamp="2024-04-08T23:09:28 COT" skipped="0">
  <testcase classname="testngxlmparameters.BLAZERegistrationParameters" name="Registerbtntest" time="9.216"/>
  <system-out/>
  <testcase classname="testngxlmparameters.BLAZERegistrationParameters" name="registerUser" time="6.512"/>
  <system-out/>
  <testcase classname="testngxlmparameters.BLAZERegistrationParameters" name="validateCategoriesElement" time="0.085"/>
  <system-out/>
</testsuite> <!-- testngxlmparameters.BLAZERegistrationParameters -->
