<?xml version="1.0" encoding="UTF-8"?>
<!-- Generated by org.testng.reporters.JUnitReportReporter -->
<testsuite hostname="MiPC" failures="0" tests="1" name="testingNg.AssertEqualsLoginPage" time="19.771" errors="0" timestamp="2024-01-21T15:53:55 COT" skipped="0">
  <testcase classname="testingNg.AssertEqualsLoginPage" name="loginToOrangeHRM" time="19.771"/>
</testsuite> <!-- testingNg.AssertEqualsLoginPage -->
